2012/06/13 21:33:38 [trace] [system.caching.CApcCache] Serving "Yii.CUrlManager.rules" from cache
in C:\xampp\htdocs\HSLF\html\admin.php (19)
2012/06/13 21:33:38 [trace] [system.caching.CApcCache] Serving "yii:dbschemapgsql:host=localhost;port=5432;dbname=voterguide:postgres:ballot_item" from cache
in C:\xampp\htdocs\HSLF\html\protected\admin\controllers\BallotItemController.php (153)
in C:\xampp\htdocs\HSLF\html\admin.php (19)
2012/06/13 21:33:38 [trace] [system.caching.CApcCache] Serving "yii:dbschemapgsql:host=localhost;port=5432;dbname=voterguide:postgres:state" from cache
in C:\xampp\htdocs\HSLF\html\protected\shared\models\dal\State.php (23)
in C:\xampp\htdocs\HSLF\html\protected\admin\views\ballotItem\admin.php (22)
in C:\xampp\htdocs\HSLF\html\protected\admin\controllers\BallotItemController.php (160)
2012/06/13 21:33:38 [trace] [system.caching.CApcCache] Serving "yii:dbschemapgsql:host=localhost;port=5432;dbname=voterguide:postgres:district" from cache
in C:\xampp\htdocs\HSLF\html\protected\admin\views\ballotItem\admin.php (85)
in C:\xampp\htdocs\HSLF\html\protected\admin\controllers\BallotItemController.php (160)
in C:\xampp\htdocs\HSLF\html\admin.php (19)
2012/06/13 21:33:38 [trace] [system.db.ar.CActiveRecord] BallotItem.count() eagerly
in C:\xampp\htdocs\HSLF\html\protected\admin\views\ballotItem\admin.php (85)
in C:\xampp\htdocs\HSLF\html\protected\admin\controllers\BallotItemController.php (160)
in C:\xampp\htdocs\HSLF\html\admin.php (19)
2012/06/13 21:33:48 [trace] [system.caching.CApcCache] Serving "Yii.CUrlManager.rules" from cache
in C:\xampp\htdocs\HSLF\html\admin.php (19)
2012/06/13 21:33:48 [trace] [system.caching.CApcCache] Serving "yii:dbschemapgsql:host=localhost;port=5432;dbname=voterguide:postgres:ballot_item" from cache
in C:\xampp\htdocs\HSLF\html\protected\admin\controllers\BallotItemController.php (153)
in C:\xampp\htdocs\HSLF\html\admin.php (19)
2012/06/13 21:33:48 [trace] [system.caching.CApcCache] Serving "yii:dbschemapgsql:host=localhost;port=5432;dbname=voterguide:postgres:state" from cache
in C:\xampp\htdocs\HSLF\html\protected\shared\models\dal\State.php (23)
in C:\xampp\htdocs\HSLF\html\protected\admin\views\ballotItem\admin.php (22)
in C:\xampp\htdocs\HSLF\html\protected\admin\controllers\BallotItemController.php (160)
2012/06/13 21:33:48 [trace] [system.caching.CApcCache] Serving "yii:dbschemapgsql:host=localhost;port=5432;dbname=voterguide:postgres:district" from cache
in C:\xampp\htdocs\HSLF\html\protected\admin\views\ballotItem\admin.php (85)
in C:\xampp\htdocs\HSLF\html\protected\admin\controllers\BallotItemController.php (160)
in C:\xampp\htdocs\HSLF\html\admin.php (19)
2012/06/13 21:33:48 [trace] [system.db.ar.CActiveRecord] BallotItem.count() eagerly
in C:\xampp\htdocs\HSLF\html\protected\admin\views\ballotItem\admin.php (85)
in C:\xampp\htdocs\HSLF\html\protected\admin\controllers\BallotItemController.php (160)
in C:\xampp\htdocs\HSLF\html\admin.php (19)
2012/06/13 21:37:43 [trace] [system.caching.CApcCache] Serving "Yii.CUrlManager.rules" from cache
in C:\xampp\htdocs\HSLF\html\admin.php (19)
2012/06/13 21:37:43 [trace] [system.caching.CApcCache] Serving "yii:dbschemapgsql:host=localhost;port=5432;dbname=voterguide:postgres:ballot_item" from cache
in C:\xampp\htdocs\HSLF\html\protected\admin\controllers\BallotItemController.php (153)
in C:\xampp\htdocs\HSLF\html\admin.php (19)
2012/06/13 21:37:43 [trace] [system.caching.CApcCache] Serving "yii:dbschemapgsql:host=localhost;port=5432;dbname=voterguide:postgres:state" from cache
in C:\xampp\htdocs\HSLF\html\protected\shared\models\dal\State.php (23)
in C:\xampp\htdocs\HSLF\html\protected\admin\views\ballotItem\admin.php (22)
in C:\xampp\htdocs\HSLF\html\protected\admin\controllers\BallotItemController.php (160)
2012/06/13 21:37:43 [trace] [system.caching.CApcCache] Serving "yii:dbschemapgsql:host=localhost;port=5432;dbname=voterguide:postgres:district" from cache
in C:\xampp\htdocs\HSLF\html\protected\admin\views\ballotItem\admin.php (85)
in C:\xampp\htdocs\HSLF\html\protected\admin\controllers\BallotItemController.php (160)
in C:\xampp\htdocs\HSLF\html\admin.php (19)
2012/06/13 21:37:43 [trace] [system.db.ar.CActiveRecord] BallotItem.count() eagerly
in C:\xampp\htdocs\HSLF\html\protected\admin\views\ballotItem\admin.php (85)
in C:\xampp\htdocs\HSLF\html\protected\admin\controllers\BallotItemController.php (160)
in C:\xampp\htdocs\HSLF\html\admin.php (19)
2012/06/13 21:37:44 [trace] [system.caching.CApcCache] Serving "Yii.CUrlManager.rules" from cache
in C:\xampp\htdocs\HSLF\html\admin.php (19)
2012/06/13 21:37:44 [trace] [system.caching.CApcCache] Serving "yii:dbschemapgsql:host=localhost;port=5432;dbname=voterguide:postgres:ballot_item" from cache
in C:\xampp\htdocs\HSLF\html\protected\shared\models\dal\BallotItem.php (44)
in C:\xampp\htdocs\HSLF\html\protected\admin\controllers\BallotItemController.php (169)
in C:\xampp\htdocs\HSLF\html\protected\admin\controllers\BallotItemController.php (94)
2012/06/13 21:37:44 [trace] [system.caching.CApcCache] Serving "yii:dbschemapgsql:host=localhost;port=5432;dbname=voterguide:postgres:recommendation" from cache
in C:\xampp\htdocs\HSLF\html\protected\shared\models\dal\Recommendation.php (23)
in C:\xampp\htdocs\HSLF\html\protected\admin\views\ballotItem\_form.php (9)
in C:\xampp\htdocs\HSLF\html\protected\admin\views\ballotItem\update.php (17)
2012/06/13 21:37:44 [trace] [system.caching.CApcCache] Serving "yii:dbschemapgsql:host=localhost;port=5432;dbname=voterguide:postgres:state" from cache
in C:\xampp\htdocs\HSLF\html\protected\shared\models\dal\State.php (23)
in C:\xampp\htdocs\HSLF\html\protected\extensions\DistrictSelector\DistrictSelector.php (12)
in C:\xampp\htdocs\HSLF\html\protected\admin\views\ballotItem\_form.php (43)
2012/06/13 21:37:44 [trace] [system.caching.CApcCache] Serving "yii:dbschemapgsql:host=localhost;port=5432;dbname=voterguide:postgres:district" from cache
in C:\xampp\htdocs\HSLF\html\protected\shared\models\dal\District.php (33)
in C:\xampp\htdocs\HSLF\html\protected\extensions\DistrictSelector\DistrictSelector.php (15)
in C:\xampp\htdocs\HSLF\html\protected\admin\views\ballotItem\_form.php (43)
2012/06/13 21:48:03 [trace] [system.caching.CApcCache] Serving "Yii.CUrlManager.rules" from cache
in C:\xampp\htdocs\HSLF\html\admin.php (19)
2012/06/13 21:48:03 [trace] [system.caching.CApcCache] Serving "yii:dbschemapgsql:host=localhost;port=5432;dbname=voterguide:postgres:ballot_item" from cache
in C:\xampp\htdocs\HSLF\html\protected\admin\controllers\BallotItemController.php (143)
in C:\xampp\htdocs\HSLF\html\admin.php (19)
2012/06/13 21:48:03 [trace] [system.caching.CApcCache] Serving "yii:dbschemapgsql:host=localhost;port=5432;dbname=voterguide:postgres:district" from cache
in C:\xampp\htdocs\HSLF\html\protected\admin\views\ballotItem\index.php (35)
in C:\xampp\htdocs\HSLF\html\protected\admin\controllers\BallotItemController.php (146)
in C:\xampp\htdocs\HSLF\html\admin.php (19)
2012/06/13 21:48:25 [trace] [system.caching.CApcCache] Serving "Yii.CUrlManager.rules" from cache
in C:\xampp\htdocs\HSLF\html\admin.php (19)
2012/06/13 21:48:25 [trace] [system.caching.CApcCache] Serving "yii:dbschemapgsql:host=localhost;port=5432;dbname=voterguide:postgres:ballot_item" from cache
in C:\xampp\htdocs\HSLF\html\protected\admin\controllers\BallotItemController.php (143)
in C:\xampp\htdocs\HSLF\html\admin.php (19)
2012/06/13 21:48:25 [trace] [system.caching.CApcCache] Serving "yii:dbschemapgsql:host=localhost;port=5432;dbname=voterguide:postgres:district" from cache
in C:\xampp\htdocs\HSLF\html\protected\admin\views\ballotItem\index.php (35)
in C:\xampp\htdocs\HSLF\html\protected\admin\controllers\BallotItemController.php (146)
in C:\xampp\htdocs\HSLF\html\admin.php (19)
2012/06/13 21:48:50 [trace] [system.caching.CApcCache] Serving "Yii.CUrlManager.rules" from cache
in C:\xampp\htdocs\HSLF\html\admin.php (19)
2012/06/13 21:48:50 [trace] [system.caching.CApcCache] Serving "yii:dbschemapgsql:host=localhost;port=5432;dbname=voterguide:postgres:ballot_item" from cache
in C:\xampp\htdocs\HSLF\html\protected\shared\models\dal\BallotItem.php (44)
in C:\xampp\htdocs\HSLF\html\protected\admin\controllers\BallotItemController.php (169)
in C:\xampp\htdocs\HSLF\html\protected\admin\controllers\BallotItemController.php (94)
2012/06/13 21:48:50 [trace] [system.caching.CApcCache] Serving "yii:dbschemapgsql:host=localhost;port=5432;dbname=voterguide:postgres:recommendation" from cache
in C:\xampp\htdocs\HSLF\html\protected\shared\models\dal\Recommendation.php (23)
in C:\xampp\htdocs\HSLF\html\protected\admin\views\ballotItem\_form.php (9)
in C:\xampp\htdocs\HSLF\html\protected\admin\views\ballotItem\update.php (17)
2012/06/13 21:48:50 [trace] [system.caching.CApcCache] Serving "yii:dbschemapgsql:host=localhost;port=5432;dbname=voterguide:postgres:state" from cache
in C:\xampp\htdocs\HSLF\html\protected\shared\models\dal\State.php (23)
in C:\xampp\htdocs\HSLF\html\protected\extensions\DistrictSelector\DistrictSelector.php (12)
in C:\xampp\htdocs\HSLF\html\protected\admin\views\ballotItem\_form.php (43)
2012/06/13 21:48:50 [trace] [system.caching.CApcCache] Serving "yii:dbschemapgsql:host=localhost;port=5432;dbname=voterguide:postgres:district" from cache
in C:\xampp\htdocs\HSLF\html\protected\shared\models\dal\District.php (33)
in C:\xampp\htdocs\HSLF\html\protected\extensions\DistrictSelector\DistrictSelector.php (15)
in C:\xampp\htdocs\HSLF\html\protected\admin\views\ballotItem\_form.php (43)
2012/06/13 21:51:09 [trace] [system.caching.CApcCache] Serving "Yii.CUrlManager.rules" from cache
in C:\xampp\htdocs\HSLF\html\admin.php (19)
2012/06/13 21:51:09 [trace] [system.caching.CApcCache] Serving "yii:dbschemapgsql:host=localhost;port=5432;dbname=voterguide:postgres:ballot_item" from cache
in C:\xampp\htdocs\HSLF\html\protected\admin\controllers\BallotItemController.php (143)
in C:\xampp\htdocs\HSLF\html\admin.php (19)
2012/06/13 21:51:09 [trace] [system.caching.CApcCache] Serving "yii:dbschemapgsql:host=localhost;port=5432;dbname=voterguide:postgres:district" from cache
in C:\xampp\htdocs\HSLF\html\protected\admin\views\ballotItem\index.php (35)
in C:\xampp\htdocs\HSLF\html\protected\admin\controllers\BallotItemController.php (146)
in C:\xampp\htdocs\HSLF\html\admin.php (19)
2012/06/13 21:56:56 [trace] [system.caching.CApcCache] Serving "Yii.CUrlManager.rules" from cache
in C:\xampp\htdocs\HSLF\html\admin.php (19)
2012/06/13 21:56:57 [trace] [system.caching.CApcCache] Serving "yii:dbschemapgsql:host=localhost;port=5432;dbname=voterguide:postgres:ballot_item" from cache
in C:\xampp\htdocs\HSLF\html\protected\admin\controllers\BallotItemController.php (153)
in C:\xampp\htdocs\HSLF\html\admin.php (19)
2012/06/13 21:56:57 [trace] [system.caching.CApcCache] Serving "yii:dbschemapgsql:host=localhost;port=5432;dbname=voterguide:postgres:state" from cache
in C:\xampp\htdocs\HSLF\html\protected\shared\models\dal\State.php (23)
in C:\xampp\htdocs\HSLF\html\protected\admin\views\ballotItem\admin.php (22)
in C:\xampp\htdocs\HSLF\html\protected\admin\controllers\BallotItemController.php (160)
2012/06/13 21:56:57 [trace] [system.caching.CApcCache] Serving "yii:dbschemapgsql:host=localhost;port=5432;dbname=voterguide:postgres:district" from cache
in C:\xampp\htdocs\HSLF\html\protected\admin\views\ballotItem\admin.php (85)
in C:\xampp\htdocs\HSLF\html\protected\admin\controllers\BallotItemController.php (160)
in C:\xampp\htdocs\HSLF\html\admin.php (19)
2012/06/13 21:56:57 [trace] [system.db.ar.CActiveRecord] BallotItem.count() eagerly
in C:\xampp\htdocs\HSLF\html\protected\admin\views\ballotItem\admin.php (85)
in C:\xampp\htdocs\HSLF\html\protected\admin\controllers\BallotItemController.php (160)
in C:\xampp\htdocs\HSLF\html\admin.php (19)
2012/06/13 21:56:59 [trace] [system.caching.CApcCache] Serving "Yii.CUrlManager.rules" from cache
in C:\xampp\htdocs\HSLF\html\admin.php (19)
2012/06/13 21:56:59 [trace] [system.caching.CApcCache] Serving "yii:dbschemapgsql:host=localhost;port=5432;dbname=voterguide:postgres:ballot_item" from cache
in C:\xampp\htdocs\HSLF\html\protected\admin\controllers\BallotItemController.php (153)
in C:\xampp\htdocs\HSLF\html\admin.php (19)
2012/06/13 21:56:59 [trace] [system.caching.CApcCache] Serving "yii:dbschemapgsql:host=localhost;port=5432;dbname=voterguide:postgres:state" from cache
in C:\xampp\htdocs\HSLF\html\protected\shared\models\dal\State.php (23)
in C:\xampp\htdocs\HSLF\html\protected\admin\views\ballotItem\admin.php (22)
in C:\xampp\htdocs\HSLF\html\protected\admin\controllers\BallotItemController.php (160)
2012/06/13 21:56:59 [trace] [system.caching.CApcCache] Serving "yii:dbschemapgsql:host=localhost;port=5432;dbname=voterguide:postgres:district" from cache
in C:\xampp\htdocs\HSLF\html\protected\admin\views\ballotItem\admin.php (85)
in C:\xampp\htdocs\HSLF\html\protected\admin\controllers\BallotItemController.php (160)
in C:\xampp\htdocs\HSLF\html\admin.php (19)
2012/06/13 21:56:59 [trace] [system.db.ar.CActiveRecord] BallotItem.count() eagerly
in C:\xampp\htdocs\HSLF\html\protected\admin\views\ballotItem\admin.php (85)
in C:\xampp\htdocs\HSLF\html\protected\admin\controllers\BallotItemController.php (160)
in C:\xampp\htdocs\HSLF\html\admin.php (19)
2012/06/13 21:57:05 [trace] [system.caching.CApcCache] Serving "Yii.CUrlManager.rules" from cache
in C:\xampp\htdocs\HSLF\html\admin.php (19)
2012/06/13 21:57:05 [trace] [system.caching.CApcCache] Serving "yii:dbschemapgsql:host=localhost;port=5432;dbname=voterguide:postgres:ballot_item" from cache
in C:\xampp\htdocs\HSLF\html\protected\admin\controllers\BallotItemController.php (153)
in C:\xampp\htdocs\HSLF\html\admin.php (19)
2012/06/13 21:57:05 [trace] [system.caching.CApcCache] Serving "yii:dbschemapgsql:host=localhost;port=5432;dbname=voterguide:postgres:state" from cache
in C:\xampp\htdocs\HSLF\html\protected\shared\models\dal\State.php (23)
in C:\xampp\htdocs\HSLF\html\protected\admin\views\ballotItem\admin.php (22)
in C:\xampp\htdocs\HSLF\html\protected\admin\controllers\BallotItemController.php (160)
2012/06/13 21:57:05 [trace] [system.caching.CApcCache] Serving "yii:dbschemapgsql:host=localhost;port=5432;dbname=voterguide:postgres:district" from cache
in C:\xampp\htdocs\HSLF\html\protected\admin\views\ballotItem\admin.php (85)
in C:\xampp\htdocs\HSLF\html\protected\admin\controllers\BallotItemController.php (160)
in C:\xampp\htdocs\HSLF\html\admin.php (19)
2012/06/13 21:57:05 [trace] [system.db.ar.CActiveRecord] BallotItem.count() eagerly
in C:\xampp\htdocs\HSLF\html\protected\admin\views\ballotItem\admin.php (85)
in C:\xampp\htdocs\HSLF\html\protected\admin\controllers\BallotItemController.php (160)
in C:\xampp\htdocs\HSLF\html\admin.php (19)
2012/06/13 22:01:44 [trace] [system.caching.CApcCache] Serving "Yii.CUrlManager.rules" from cache
in C:\xampp\htdocs\HSLF\html\admin.php (19)
2012/06/13 22:01:44 [trace] [system.caching.CApcCache] Serving "yii:dbschemapgsql:host=localhost;port=5432;dbname=voterguide:postgres:app_user" from cache
in C:\xampp\htdocs\HSLF\html\protected\shared\models\dal\Application_user.php (34)
in C:\xampp\htdocs\HSLF\html\protected\admin\controllers\SiteController.php (13)
in C:\xampp\htdocs\HSLF\html\admin.php (19)
2012/06/13 22:01:44 [trace] [system.caching.CApcCache] Serving "yii:dbschemapgsql:host=localhost;port=5432;dbname=voterguide:postgres:ballot_item" from cache
in C:\xampp\htdocs\HSLF\html\protected\shared\models\dal\BallotItem.php (44)
in C:\xampp\htdocs\HSLF\html\protected\admin\controllers\SiteController.php (14)
in C:\xampp\htdocs\HSLF\html\admin.php (19)
2012/06/13 22:01:46 [trace] [system.caching.CApcCache] Serving "Yii.CUrlManager.rules" from cache
in C:\xampp\htdocs\HSLF\html\admin.php (19)
2012/06/13 22:01:46 [trace] [system.caching.CApcCache] Serving "yii:dbschemapgsql:host=localhost;port=5432;dbname=voterguide:postgres:ballot_item" from cache
in C:\xampp\htdocs\HSLF\html\protected\admin\controllers\BallotItemController.php (143)
in C:\xampp\htdocs\HSLF\html\admin.php (19)
2012/06/13 22:01:46 [trace] [system.caching.CApcCache] Serving "yii:dbschemapgsql:host=localhost;port=5432;dbname=voterguide:postgres:district" from cache
in C:\xampp\htdocs\HSLF\html\protected\admin\views\ballotItem\index.php (35)
in C:\xampp\htdocs\HSLF\html\protected\admin\controllers\BallotItemController.php (146)
in C:\xampp\htdocs\HSLF\html\admin.php (19)
2012/06/13 22:01:48 [trace] [system.caching.CApcCache] Serving "Yii.CUrlManager.rules" from cache
in C:\xampp\htdocs\HSLF\html\admin.php (19)
2012/06/13 22:01:48 [trace] [system.caching.CApcCache] Serving "yii:dbschemapgsql:host=localhost;port=5432;dbname=voterguide:postgres:ballot_item" from cache
in C:\xampp\htdocs\HSLF\html\protected\admin\controllers\BallotItemController.php (153)
in C:\xampp\htdocs\HSLF\html\admin.php (19)
2012/06/13 22:01:48 [trace] [system.caching.CApcCache] Serving "yii:dbschemapgsql:host=localhost;port=5432;dbname=voterguide:postgres:state" from cache
in C:\xampp\htdocs\HSLF\html\protected\shared\models\dal\State.php (23)
in C:\xampp\htdocs\HSLF\html\protected\admin\views\ballotItem\admin.php (22)
in C:\xampp\htdocs\HSLF\html\protected\admin\controllers\BallotItemController.php (160)
2012/06/13 22:01:48 [trace] [system.caching.CApcCache] Serving "yii:dbschemapgsql:host=localhost;port=5432;dbname=voterguide:postgres:district" from cache
in C:\xampp\htdocs\HSLF\html\protected\admin\views\ballotItem\admin.php (85)
in C:\xampp\htdocs\HSLF\html\protected\admin\controllers\BallotItemController.php (160)
in C:\xampp\htdocs\HSLF\html\admin.php (19)
2012/06/13 22:01:48 [trace] [system.db.ar.CActiveRecord] BallotItem.count() eagerly
in C:\xampp\htdocs\HSLF\html\protected\admin\views\ballotItem\admin.php (85)
in C:\xampp\htdocs\HSLF\html\protected\admin\controllers\BallotItemController.php (160)
in C:\xampp\htdocs\HSLF\html\admin.php (19)
2012/06/13 22:01:49 [trace] [system.caching.CApcCache] Serving "Yii.CUrlManager.rules" from cache
in C:\xampp\htdocs\HSLF\html\admin.php (19)
2012/06/13 22:01:49 [trace] [system.caching.CApcCache] Serving "yii:dbschemapgsql:host=localhost;port=5432;dbname=voterguide:postgres:ballot_item" from cache
in C:\xampp\htdocs\HSLF\html\protected\admin\controllers\BallotItemController.php (153)
in C:\xampp\htdocs\HSLF\html\admin.php (19)
2012/06/13 22:01:49 [trace] [system.caching.CApcCache] Serving "yii:dbschemapgsql:host=localhost;port=5432;dbname=voterguide:postgres:state" from cache
in C:\xampp\htdocs\HSLF\html\protected\shared\models\dal\State.php (23)
in C:\xampp\htdocs\HSLF\html\protected\admin\views\ballotItem\admin.php (22)
in C:\xampp\htdocs\HSLF\html\protected\admin\controllers\BallotItemController.php (160)
2012/06/13 22:01:49 [trace] [system.caching.CApcCache] Serving "yii:dbschemapgsql:host=localhost;port=5432;dbname=voterguide:postgres:district" from cache
in C:\xampp\htdocs\HSLF\html\protected\admin\views\ballotItem\admin.php (85)
in C:\xampp\htdocs\HSLF\html\protected\admin\controllers\BallotItemController.php (160)
in C:\xampp\htdocs\HSLF\html\admin.php (19)
2012/06/13 22:01:49 [trace] [system.db.ar.CActiveRecord] BallotItem.count() eagerly
in C:\xampp\htdocs\HSLF\html\protected\admin\views\ballotItem\admin.php (85)
in C:\xampp\htdocs\HSLF\html\protected\admin\controllers\BallotItemController.php (160)
in C:\xampp\htdocs\HSLF\html\admin.php (19)
2012/06/13 22:01:51 [trace] [system.caching.CApcCache] Serving "Yii.CUrlManager.rules" from cache
in C:\xampp\htdocs\HSLF\html\admin.php (19)
2012/06/13 22:01:51 [trace] [system.caching.CApcCache] Serving "yii:dbschemapgsql:host=localhost;port=5432;dbname=voterguide:postgres:ballot_item" from cache
in C:\xampp\htdocs\HSLF\html\protected\shared\models\dal\BallotItem.php (44)
in C:\xampp\htdocs\HSLF\html\protected\admin\controllers\BallotItemController.php (169)
in C:\xampp\htdocs\HSLF\html\protected\admin\controllers\BallotItemController.php (94)
2012/06/13 22:01:51 [trace] [system.caching.CApcCache] Serving "yii:dbschemapgsql:host=localhost;port=5432;dbname=voterguide:postgres:recommendation" from cache
in C:\xampp\htdocs\HSLF\html\protected\shared\models\dal\Recommendation.php (23)
in C:\xampp\htdocs\HSLF\html\protected\admin\views\ballotItem\_form.php (9)
in C:\xampp\htdocs\HSLF\html\protected\admin\views\ballotItem\update.php (17)
2012/06/13 22:01:51 [trace] [system.caching.CApcCache] Serving "yii:dbschemapgsql:host=localhost;port=5432;dbname=voterguide:postgres:state" from cache
in C:\xampp\htdocs\HSLF\html\protected\shared\models\dal\State.php (23)
in C:\xampp\htdocs\HSLF\html\protected\extensions\DistrictSelector\DistrictSelector.php (12)
in C:\xampp\htdocs\HSLF\html\protected\admin\views\ballotItem\_form.php (43)
2012/06/13 22:01:51 [trace] [system.caching.CApcCache] Serving "yii:dbschemapgsql:host=localhost;port=5432;dbname=voterguide:postgres:district" from cache
in C:\xampp\htdocs\HSLF\html\protected\shared\models\dal\District.php (33)
in C:\xampp\htdocs\HSLF\html\protected\extensions\DistrictSelector\DistrictSelector.php (15)
in C:\xampp\htdocs\HSLF\html\protected\admin\views\ballotItem\_form.php (43)
